0 info it worked if it ends with ok
1 verbose cli [ '/usr/bin/node', '/usr/bin/npm', 'install', 'test-watch' ]
2 info using npm@1.4.28
3 info using node@v0.10.32
4 verbose node symlink /usr/bin/node
5 verbose readDependencies using package.json deps
6 verbose cache add [ 'test-watch', null ]
7 verbose cache add name=undefined spec="test-watch" args=["test-watch",null]
8 verbose parsed url { protocol: null,
8 verbose parsed url   slashes: null,
8 verbose parsed url   auth: null,
8 verbose parsed url   host: null,
8 verbose parsed url   port: null,
8 verbose parsed url   hostname: null,
8 verbose parsed url   hash: null,
8 verbose parsed url   search: null,
8 verbose parsed url   query: null,
8 verbose parsed url   pathname: 'test-watch',
8 verbose parsed url   path: 'test-watch',
8 verbose parsed url   href: 'test-watch' }
9 silly lockFile 06aa31d6-test-watch test-watch
10 verbose lock test-watch /home/carlemil/.npm/06aa31d6-test-watch.lock
11 silly lockFile 06aa31d6-test-watch test-watch
12 silly lockFile 06aa31d6-test-watch test-watch
13 verbose addNamed [ 'test-watch', '' ]
14 verbose addNamed [ null, '*' ]
15 silly lockFile 404bd5a2-test-watch test-watch@
16 verbose lock test-watch@ /home/carlemil/.npm/404bd5a2-test-watch.lock
17 silly addNameRange { name: 'test-watch', range: '*', hasData: false }
18 verbose request where is /test-watch
19 verbose request registry https://registry.npmjs.org/
20 verbose request id 0260f927491fc38b
21 verbose url raw /test-watch
22 verbose url resolving [ 'https://registry.npmjs.org/', './test-watch' ]
23 verbose url resolved https://registry.npmjs.org/test-watch
24 verbose request where is https://registry.npmjs.org/test-watch
25 info trying registry request attempt 1 at 15:40:05
26 http GET https://registry.npmjs.org/test-watch
27 http 404 https://registry.npmjs.org/test-watch
28 verbose headers { date: 'Fri, 26 Sep 2014 13:40:05 GMT',
28 verbose headers   server: 'CouchDB/1.5.0 (Erlang OTP/R14B04)',
28 verbose headers   'content-type': 'application/json',
28 verbose headers   'cache-control': 'max-age=0',
28 verbose headers   'content-length': '52',
28 verbose headers   'accept-ranges': 'bytes',
28 verbose headers   via: '1.1 varnish',
28 verbose headers   age: '0',
28 verbose headers   'x-served-by': 'cache-fra1227-FRA',
28 verbose headers   'x-cache': 'MISS',
28 verbose headers   'x-cache-hits': '0',
28 verbose headers   'x-timer': 'S1411738805.786029,VS0,VE118',
28 verbose headers   'keep-alive': 'timeout=10, max=50',
28 verbose headers   connection: 'Keep-Alive' }
29 silly registry.get cb [ 404,
29 silly registry.get   { date: 'Fri, 26 Sep 2014 13:40:05 GMT',
29 silly registry.get     server: 'CouchDB/1.5.0 (Erlang OTP/R14B04)',
29 silly registry.get     'content-type': 'application/json',
29 silly registry.get     'cache-control': 'max-age=0',
29 silly registry.get     'content-length': '52',
29 silly registry.get     'accept-ranges': 'bytes',
29 silly registry.get     via: '1.1 varnish',
29 silly registry.get     age: '0',
29 silly registry.get     'x-served-by': 'cache-fra1227-FRA',
29 silly registry.get     'x-cache': 'MISS',
29 silly registry.get     'x-cache-hits': '0',
29 silly registry.get     'x-timer': 'S1411738805.786029,VS0,VE118',
29 silly registry.get     'keep-alive': 'timeout=10, max=50',
29 silly registry.get     connection: 'Keep-Alive' } ]
30 silly lockFile 404bd5a2-test-watch test-watch@
31 silly lockFile 404bd5a2-test-watch test-watch@
32 error 404 404 Not Found: test-watch
32 error 404
32 error 404 'test-watch' is not in the npm registry.
32 error 404 You should bug the author to publish it
32 error 404 It was specified as a dependency of 'express-lab'
32 error 404
32 error 404 Note that you can also install from a
32 error 404 tarball, folder, or http url, or git url.
33 error System Linux 3.13.0-24-generic
34 error command "/usr/bin/node" "/usr/bin/npm" "install" "test-watch"
35 error cwd /home/carlemil/dev/express-lab
36 error node -v v0.10.32
37 error npm -v 1.4.28
38 error code E404
39 verbose exit [ 1, true ]
